<?xml version="1.0" encoding="UTF-8"?>
<testng-results skipped="0" failed="0" ignored="0" total="1" passed="1">
  <reporter-output>
  </reporter-output>
  <suite name="Default suite" duration-ms="16920" started-at="2022-10-07T15:56:51 IST" finished-at="2022-10-07T15:57:08 IST">
    <groups>
    </groups>
    <test name="Default test" duration-ms="16920" started-at="2022-10-07T15:56:51 IST" finished-at="2022-10-07T15:57:08 IST">
      <class name="LoginAutomation">
        <test-method status="PASS" signature="login()[pri:0, instance:LoginAutomation@394e1a0f]" name="login" duration-ms="16884" started-at="2022-10-07T15:56:51 IST" finished-at="2022-10-07T15:57:08 IST">
          <reporter-output>
          </reporter-output>
        </test-method> <!-- login -->
      </class> <!-- LoginAutomation -->
    </test> <!-- Default test -->
  </suite> <!-- Default suite -->
</testng-results>
